#<lineFormat id="0" key="s" description="packet sent">
#    <item type="Integer 64" key="time">simulation time in fs</item>
#    <item type="Integer 32" key="nodeID">node ID handling the event</item>
#    <item type="Integer 32" key="transmitterID">node ID of the MAC-level transmitter</item>
#    <item type="Integer 32" key="beta">beta</item>
#    <item type="Integer 32" key="size">packet size in bits</item>
#    <item type="Integer 32" key="pktType">packet type</item>
#    <item type="Integer 32" key="flow">flow id</item>
#    <item type="Integer 32" key="seq">packet sequence number</item>
#</lineFormat>
0 6000099901438 3 3 1000 1000 0 7 0
#<lineFormat id="1" key="r" description="packet received">
#    <item type="Integer 64" key="time">simulation time in fs</item>
#    <item type="Integer 32" key="nodeID">node ID handling the event</item>
#    <item type="Integer 32" key="transmitterID">node ID of the MAC-level transmitter</item>
#    <item type="Integer 32" key="beta">beta</item>
#    <item type="Integer 32" key="size">packet size in bits</item>
#    <item type="Integer 32" key="flow">flow id</item>
#    <item type="Integer 32" key="seq">packet sequence number</item>
#</lineFormat>
1 6000099901857 170 3 1000 1000 7 0
#<lineFormat id="4" key="rr" description="routing receive">
#    <item type="Integer 64" key="time">simulation time in fs</item>
#    <item type="Integer 32" key="nodeID">node ID handling the event</item>
#    <item type="Integer 32" key="pktType">packet type</item>
#    <item type="Integer 32" key="flow">flow id</item>
#    <item type="Integer 32" key="seq">packet sequence number</item>
#    <item type="Integer 32" key="coll">number of collided bits</item>
#</lineFormat>
4 6000099901857 170 0 7 0 0
#<lineFormat id="7" key="dr" description="destination reach">
#    <item type="Integer 64" key="time">simulation time in fs</item>
#    <item type="Integer 32" key="nodeID">node ID handling the event</item>
#    <item type="Integer 32" key="pktType">packet Type</item>
#    <item type="Integer 32" key="flow">flow id</item>
#    <item type="Integer 32" key="seq">packet sequence number</item>
#</lineFormat>
7 6000099901857 170 0 7 0
1 6000099901913 890 3 1000 1000 7 0
4 6000099901913 890 0 7 0 0
7 6000099901913 890 0 7 0
1 6000099902099 923 3 1000 1000 7 0
4 6000099902099 923 0 7 0 0
7 6000099902099 923 0 7 0
1 6000099902197 622 3 1000 1000 7 0
4 6000099902197 622 0 7 0 0
7 6000099902197 622 0 7 0
1 6000099902294 200 3 1000 1000 7 0
4 6000099902294 200 0 7 0 0
7 6000099902294 200 0 7 0
1 6000099902305 182 3 1000 1000 7 0
4 6000099902305 182 0 7 0 0
7 6000099902305 182 0 7 0
1 6000099902319 303 3 1000 1000 7 0
4 6000099902319 303 0 7 0 0
7 6000099902319 303 0 7 0
1 6000099902362 457 3 1000 1000 7 0
4 6000099902362 457 0 7 0 0
7 6000099902362 457 0 7 0
1 6000099902497 656 3 1000 1000 7 0
4 6000099902497 656 0 7 0 0
7 6000099902497 656 0 7 0
1 6000099902532 316 3 1000 1000 7 0
4 6000099902532 316 0 7 0 0
7 6000099902532 316 0 7 0
1 6000099902536 835 3 1000 1000 7 0
4 6000099902536 835 0 7 0 0
7 6000099902536 835 0 7 0
1 6000099902574 158 3 1000 1000 7 0
4 6000099902574 158 0 7 0 0
7 6000099902574 158 0 7 0
1 6000099902610 795 3 1000 1000 7 0
4 6000099902610 795 0 7 0 0
7 6000099902610 795 0 7 0
1 6000099902656 604 3 1000 1000 7 0
4 6000099902656 604 0 7 0 0
7 6000099902656 604 0 7 0
1 6000099902760 731 3 1000 1000 7 0
4 6000099902760 731 0 7 0 0
7 6000099902760 731 0 7 0
1 6000099902763 472 3 1000 1000 7 0
4 6000099902763 472 0 7 0 0
7 6000099902763 472 0 7 0
1 6000099902821 441 3 1000 1000 7 0
4 6000099902821 441 0 7 0 0
7 6000099902821 441 0 7 0
1 6000099902952 445 3 1000 1000 7 0
4 6000099902952 445 0 7 0 0
7 6000099902952 445 0 7 0
1 6000099902957 554 3 1000 1000 7 0
4 6000099902957 554 0 7 0 0
7 6000099902957 554 0 7 0
1 6000099903103 778 3 1000 1000 7 0
4 6000099903103 778 0 7 0 0
7 6000099903103 778 0 7 0
0 6300099901464 3 3 1000 1000 0 7 1
1 6300099901883 170 3 1000 1000 7 1
4 6300099901883 170 0 7 1 0
7 6300099901883 170 0 7 1
1 6300099901939 890 3 1000 1000 7 1
4 6300099901939 890 0 7 1 0
7 6300099901939 890 0 7 1
1 6300099902125 923 3 1000 1000 7 1
4 6300099902125 923 0 7 1 0
7 6300099902125 923 0 7 1
1 6300099902223 622 3 1000 1000 7 1
4 6300099902223 622 0 7 1 0
7 6300099902223 622 0 7 1
1 6300099902320 200 3 1000 1000 7 1
4 6300099902320 200 0 7 1 0
7 6300099902320 200 0 7 1
1 6300099902331 182 3 1000 1000 7 1
4 6300099902331 182 0 7 1 0
7 6300099902331 182 0 7 1
1 6300099902345 303 3 1000 1000 7 1
4 6300099902345 303 0 7 1 0
7 6300099902345 303 0 7 1
1 6300099902388 457 3 1000 1000 7 1
4 6300099902388 457 0 7 1 0
7 6300099902388 457 0 7 1
1 6300099902523 656 3 1000 1000 7 1
4 6300099902523 656 0 7 1 0
7 6300099902523 656 0 7 1
1 6300099902558 316 3 1000 1000 7 1
4 6300099902558 316 0 7 1 0
7 6300099902558 316 0 7 1
1 6300099902562 835 3 1000 1000 7 1
4 6300099902562 835 0 7 1 0
7 6300099902562 835 0 7 1
1 6300099902600 158 3 1000 1000 7 1
4 6300099902600 158 0 7 1 0
7 6300099902600 158 0 7 1
1 6300099902636 795 3 1000 1000 7 1
4 6300099902636 795 0 7 1 0
7 6300099902636 795 0 7 1
1 6300099902682 604 3 1000 1000 7 1
4 6300099902682 604 0 7 1 0
7 6300099902682 604 0 7 1
1 6300099902786 731 3 1000 1000 7 1
4 6300099902786 731 0 7 1 0
7 6300099902786 731 0 7 1
1 6300099902789 472 3 1000 1000 7 1
4 6300099902789 472 0 7 1 0
7 6300099902789 472 0 7 1
1 6300099902847 441 3 1000 1000 7 1
4 6300099902847 441 0 7 1 0
7 6300099902847 441 0 7 1
1 6300099902978 445 3 1000 1000 7 1
4 6300099902978 445 0 7 1 0
7 6300099902978 445 0 7 1
1 6300099902983 554 3 1000 1000 7 1
4 6300099902983 554 0 7 1 0
7 6300099902983 554 0 7 1
1 6300099903129 778 3 1000 1000 7 1
4 6300099903129 778 0 7 1 0
7 6300099903129 778 0 7 1
0 6600099904612 3 3 1000 1000 0 7 2
1 6600099905031 170 3 1000 1000 7 2
4 6600099905031 170 0 7 2 0
7 6600099905031 170 0 7 2
1 6600099905087 890 3 1000 1000 7 2
4 6600099905087 890 0 7 2 0
7 6600099905087 890 0 7 2
1 6600099905273 923 3 1000 1000 7 2
4 6600099905273 923 0 7 2 0
7 6600099905273 923 0 7 2
1 6600099905371 622 3 1000 1000 7 2
4 6600099905371 622 0 7 2 0
7 6600099905371 622 0 7 2
1 6600099905468 200 3 1000 1000 7 2
4 6600099905468 200 0 7 2 0
7 6600099905468 200 0 7 2
1 6600099905479 182 3 1000 1000 7 2
4 6600099905479 182 0 7 2 0
7 6600099905479 182 0 7 2
1 6600099905493 303 3 1000 1000 7 2
4 6600099905493 303 0 7 2 0
7 6600099905493 303 0 7 2
1 6600099905536 457 3 1000 1000 7 2
4 6600099905536 457 0 7 2 0
7 6600099905536 457 0 7 2
1 6600099905671 656 3 1000 1000 7 2
4 6600099905671 656 0 7 2 0
7 6600099905671 656 0 7 2
1 6600099905706 316 3 1000 1000 7 2
4 6600099905706 316 0 7 2 0
7 6600099905706 316 0 7 2
1 6600099905710 835 3 1000 1000 7 2
4 6600099905710 835 0 7 2 0
7 6600099905710 835 0 7 2
1 6600099905748 158 3 1000 1000 7 2
4 6600099905748 158 0 7 2 0
7 6600099905748 158 0 7 2
1 6600099905784 795 3 1000 1000 7 2
4 6600099905784 795 0 7 2 0
7 6600099905784 795 0 7 2
1 6600099905830 604 3 1000 1000 7 2
4 6600099905830 604 0 7 2 0
7 6600099905830 604 0 7 2
1 6600099905934 731 3 1000 1000 7 2
4 6600099905934 731 0 7 2 0
7 6600099905934 731 0 7 2
1 6600099905937 472 3 1000 1000 7 2
4 6600099905937 472 0 7 2 0
7 6600099905937 472 0 7 2
1 6600099905995 441 3 1000 1000 7 2
4 6600099905995 441 0 7 2 0
7 6600099905995 441 0 7 2
1 6600099906126 445 3 1000 1000 7 2
4 6600099906126 445 0 7 2 0
7 6600099906126 445 0 7 2
1 6600099906131 554 3 1000 1000 7 2
4 6600099906131 554 0 7 2 0
7 6600099906131 554 0 7 2
1 6600099906277 778 3 1000 1000 7 2
4 6600099906277 778 0 7 2 0
7 6600099906277 778 0 7 2
