0 0 0 0 803259 0 2707289
1 0 0 0 126145 0 5468149
2 0 0 0 2824513 0 3419083
3 0 0 0 3811387 0 3337073
4 0 0 0 4737912 0 2512011
5 0 0 0 1498667 0 4819418
6 0 0 0 2847563 0 1716251
7 0 0 0 4493945 0 1837120
8 0 0 0 1930554 0 716119
9 0 0 0 414713 0 3886780
10 0 0 0 4741233 0 3179624
11 0 0 0 2390223 0 3581945
12 0 0 0 5330522 0 230628
13 0 0 0 1699589 0 1570649
14 0 0 0 3122910 0 3040129
15 0 0 0 5993522 0 5582029
16 0 0 0 5233935 0 4774249
17 0 0 0 2965868 0 4373030
18 0 0 0 84154 0 1099496
19 0 0 0 340332 0 73508
20 0 0 0 507460 0 804992
21 0 0 0 1386245 0 3458583
22 0 0 0 5543216 0 4589507
23 0 0 0 4495255 0 5921376
24 0 0 0 3387356 0 1476316
25 0 0 0 5768592 0 3247251
26 0 0 0 3582350 0 4128997
27 0 0 0 4324542 0 3816186
28 0 0 0 4648069 0 4038719
29 0 0 0 2167369 0 858133
30 0 0 0 2966440 0 4683821
31 0 0 0 1625105 0 4639285
32 0 0 0 2842998 0 5353047
33 0 0 0 4090598 0 5277708
34 0 0 0 4590470 0 5200179
35 0 0 0 1610166 0 421111
36 0 0 0 1725951 0 4307640
37 0 0 0 3890074 0 565493
38 0 0 0 606503 0 4204989
39 0 0 0 2121369 0 3990906
40 0 0 0 3986254 0 1346989
41 0 0 0 4823296 0 910705
42 0 0 0 4719969 0 1585960
43 0 0 0 3025320 0 2229337
44 0 0 0 3083460 0 1696234
45 0 0 0 2461015 0 4861079
46 0 0 0 5136520 0 333293
47 0 0 0 2829626 0 135599
48 0 0 0 5297036 0 4337767
49 0 0 0 2218233 0 3079257
50 0 0 0 3685103 0 2368344
51 0 0 0 4166090 0 2788600
52 0 0 0 3560993 0 140658
53 0 0 0 2893676 0 1781679
54 0 0 0 561512 0 783584
55 0 0 0 2175753 0 3173155
56 0 0 0 193273 0 1261863
57 0 0 0 1937400 0 5555695
58 0 0 0 3471070 0 2247872
59 0 0 0 1632408 0 3791479
60 0 0 0 2910477 0 3831605
61 0 0 0 3484096 0 1254245
62 0 0 0 1262632 0 5245866
63 0 0 0 5478013 0 2714719
64 0 0 0 3387991 0 288520
65 0 0 0 4263977 0 2889304
66 0 0 0 3685082 0 2459599
67 0 0 0 4512612 0 4231455
68 0 0 0 507760 0 1113139
69 0 0 0 5018021 0 5347314
70 0 0 0 5708208 0 3641720
71 0 0 0 3003046 0 4437648
72 0 0 0 1453125 0 3041359
73 0 0 0 2792883 0 857728
74 0 0 0 3503896 0 2568856
75 0 0 0 2862077 0 1565000
76 0 0 0 5432230 0 4107292
77 0 0 0 3801806 0 5730708
78 0 0 0 4712016 0 2277487
79 0 0 0 2873634 0 3782093
80 0 0 0 3935601 0 2236512
81 0 0 0 4601266 0 3427300
82 0 0 0 1399495 0 4194804
83 0 0 0 4828494 0 2417801
84 0 0 0 1216085 0 2517623
85 0 0 0 1110992 0 2041606
86 0 0 0 4227144 0 2792018
87 0 0 0 2593170 0 3635476
88 0 0 0 1990781 0 367809
89 0 0 0 3454212 0 5490364
90 0 0 0 5674624 0 456673
91 0 0 0 2447321 0 2170325
92 0 0 0 1899931 0 3811804
93 0 0 0 4227333 0 2704999
94 0 0 0 2898529 0 5865956
95 0 0 0 2396826 0 4912880
96 0 0 0 5246580 0 777911
97 0 0 0 5141714 0 4105584
98 0 0 0 1511192 0 675280
99 0 0 0 4208650 0 606708
100 0 0 0 5549285 0 1205112
101 0 0 0 2214218 0 4707619
102 0 0 0 1461843 0 355469
103 0 0 0 2952387 0 2293672
104 0 0 0 1471109 0 1317484
105 0 0 0 4181778 0 1200910
106 0 0 0 4695605 0 2042583
107 0 0 0 5085760 0 2225336
108 0 0 0 3860078 0 4488755
109 0 0 0 922932 0 3709306
110 0 0 0 5948870 0 3988486
111 0 0 0 5431895 0 2585716
112 0 0 0 3621022 0 1188654
113 0 0 0 5952778 0 5942285
114 0 0 0 4369274 0 2616928
115 0 0 0 2445516 0 5316407
116 0 0 0 2132864 0 4470238
117 0 0 0 2999711 0 327579
118 0 0 0 5346355 0 3180621
119 0 0 0 3150145 0 2065070
120 0 0 0 799580 0 2573604
121 0 0 0 5644558 0 3005745
122 0 0 0 5935910 0 1532657
123 0 0 0 5876742 0 4145447
124 0 0 0 3246140 0 940111
125 0 0 0 4218356 0 2978145
126 0 0 0 1624987 0 928273
127 0 0 0 2229249 0 497674
128 0 0 0 3017222 0 4347716
129 0 0 0 4472031 0 3289544
130 0 0 0 5003581 0 3938698
131 0 0 0 5955408 0 3375706
132 0 0 0 1167824 0 2887721
133 0 0 0 1276580 0 2224998
134 0 0 0 4066748 0 2843957
135 0 0 0 5376873 0 3867992
136 0 0 0 3589837 0 1896588
137 0 0 0 526176 0 3217347
138 0 0 0 2799612 0 4644485
139 0 0 0 5801414 0 4426022
140 0 0 0 2796758 0 3493139
141 0 0 0 2801376 0 547647
142 0 0 0 1933516 0 4708000
143 0 0 0 4192458 0 4280142
144 0 0 0 3296894 0 2130924
145 0 0 0 3207556 0 5757795
146 0 0 0 2570520 0 3176817
147 0 0 0 1603095 0 85651
148 0 0 0 4744619 0 679806
149 0 0 0 3683641 0 1419746
150 0 0 0 5730136 0 801440
151 0 0 0 1978757 0 4552137
152 0 0 0 4114880 0 637927
153 0 0 0 5935647 0 4182838
154 0 0 0 2876992 0 2824682
155 0 0 0 3071543 0 3758200
156 0 0 0 4608110 0 4828412
157 0 0 0 1158606 0 1740698
158 0 0 0 3992656 0 3626007
159 0 0 0 5030227 0 5083537
160 0 0 0 262400 0 130768
161 0 0 0 3408629 0 4425047
162 0 0 0 2549890 0 5515454
163 0 0 0 2392538 0 5355910
164 0 0 0 2742838 0 1378423
165 0 0 0 3092649 0 495008
166 0 0 0 2059708 0 4740659
167 0 0 0 4858416 0 4004315
168 0 0 0 1445142 0 5749633
169 0 0 0 2387940 0 2995661
170 0 0 0 3777326 0 3216059
171 0 0 0 211190 0 3933171
172 0 0 0 329530 0 3114856
173 0 0 0 1775147 0 3226724
174 0 0 0 1798412 0 101223
175 0 0 0 2935652 0 1297208
176 0 0 0 4577095 0 2730645
177 0 0 0 1258523 0 1258509
178 0 0 0 3278738 0 5652314
179 0 0 0 3204884 0 837205
180 0 0 0 886486 0 3350245
181 0 0 0 3605976 0 1254963
182 0 0 0 3787180 0 3077982
183 0 0 0 5791587 0 1932005
184 0 0 0 194981 0 3666399
185 0 0 0 1478269 0 2893212
186 0 0 0 5132424 0 1514460
187 0 0 0 3618787 0 1784728
188 0 0 0 2600123 0 3867621
189 0 0 0 4024668 0 4170734
190 0 0 0 1427817 0 3648048
191 0 0 0 5963294 0 3729142
192 0 0 0 3324525 0 1309623
193 0 0 0 1093481 0 3506738
194 0 0 0 3126889 0 2160830
195 0 0 0 1967168 0 2753935
196 0 0 0 3157395 0 1293275
197 0 0 0 5433945 0 4626824
198 0 0 0 2930192 0 690722
199 0 0 0 758945 0 4277019
200 0 0 0 3632410 0 3152755
201 0 0 0 5617329 0 275780
202 0 0 0 539671 0 4869919
203 0 0 0 4574419 0 790159
204 0 0 0 5790645 0 3020965
205 0 0 0 1296315 0 5674656
206 0 0 0 861333 0 1358890
207 0 0 0 2247993 0 5905779
208 0 0 0 12240 0 2808458
209 0 0 0 5645150 0 2215662
210 0 0 0 407016 0 46787
211 0 0 0 2482214 0 1070893
212 0 0 0 1975791 0 2350477
213 0 0 0 325324 0 3008529
214 0 0 0 2872004 0 3717359
215 0 0 0 3342605 0 4202760
216 0 0 0 4503407 0 2228295
217 0 0 0 2246388 0 566803
218 0 0 0 3907057 0 5651953
219 0 0 0 5334236 0 3509436
220 0 0 0 4682765 0 3830698
221 0 0 0 5335161 0 5959463
222 0 0 0 1657572 0 4814504
223 0 0 0 314425 0 2482506
224 0 0 0 355520 0 3935569
225 0 0 0 1946354 0 1485671
226 0 0 0 313498 0 5317123
227 0 0 0 3181233 0 1500109
228 0 0 0 699204 0 4627098
229 0 0 0 1880560 0 2175363
230 0 0 0 909637 0 1281293
231 0 0 0 4546149 0 1275718
232 0 0 0 2251064 0 2921379
233 0 0 0 5142373 0 3109230
234 0 0 0 5514947 0 5774449
235 0 0 0 1235211 0 5196608
236 0 0 0 5031216 0 3802030
237 0 0 0 4951494 0 5204236
238 0 0 0 2112187 0 5432848
239 0 0 0 5906053 0 3079949
240 0 0 0 4610150 0 1428940
241 0 0 0 4352545 0 4974717
242 0 0 0 720420 0 4111802
243 0 0 0 3367334 0 2966117
244 0 0 0 4272743 0 5415539
245 0 0 0 3179042 0 5519750
246 0 0 0 4656185 0 1096740
247 0 0 0 4454446 0 800606
248 0 0 0 2729732 0 4879464
249 0 0 0 2821242 0 5734202
250 0 0 0 2019240 0 2488690
251 0 0 0 5792102 0 953291
252 0 0 0 3359550 0 5954918
253 0 0 0 4930934 0 1343957
254 0 0 0 4528075 0 3542804
255 0 0 0 5147462 0 3256873
256 0 0 0 3701852 0 765188
257 0 0 0 3480080 0 996691
258 0 0 0 1590312 0 2903301
259 0 0 0 4344429 0 3111581
260 0 0 0 2046151 0 5483696
261 0 0 0 5688191 0 3184784
262 0 0 0 563299 0 4243868
263 0 0 0 2073731 0 2753159
264 0 0 0 4131165 0 2891538
265 0 0 0 5122374 0 4417954
266 0 0 0 3024574 0 284901
267 0 0 0 2817889 0 1587796
268 0 0 0 1839869 0 3140018
269 0 0 0 3447114 0 4690345
270 0 0 0 3818508 0 3941713
271 0 0 0 4822036 0 5239713
272 0 0 0 2434975 0 623271
273 0 0 0 2538091 0 421148
274 0 0 0 1188830 0 1313677
275 0 0 0 5727486 0 4118077
276 0 0 0 751113 0 5124642
277 0 0 0 3340597 0 5882511
278 0 0 0 5422089 0 1109597
279 0 0 0 2768314 0 1140976
280 0 0 0 480376 0 1479851
281 0 0 0 3167355 0 3130948
282 0 0 0 5608095 0 3399843
283 0 0 0 2089796 0 5018458
284 0 0 0 2992197 0 5888617
285 0 0 0 2729643 0 1766454
286 0 0 0 1229883 0 3161789
287 0 0 0 2620264 0 2783755
288 0 0 0 3222432 0 4477530
289 0 0 0 3511052 0 5012916
290 0 0 0 796119 0 462415
291 0 0 0 3203515 0 1965446
292 0 0 0 3647406 0 1183618
293 0 0 0 3549175 0 5694743
294 0 0 0 5012926 0 4990046
295 0 0 0 3211399 0 1734286
296 0 0 0 5741048 0 3028648
297 0 0 0 1683237 0 3001353
298 0 0 0 3607341 0 865533
299 0 0 0 3655447 0 1326012
300 0 0 0 4593265 0 2719426
301 0 0 0 1932056 0 1938595
302 0 0 0 1516757 0 820231
303 0 0 0 3588865 0 3480153
304 0 0 0 342735 0 4390467
305 0 0 0 1378162 0 5872398
306 0 0 0 3502028 0 1884498
307 0 0 0 4070670 0 1183914
308 0 0 0 73457 0 3882799
309 0 0 0 3769902 0 5264636
310 0 0 0 4273937 0 2417781
311 0 0 0 5184579 0 5872320
312 0 0 0 2872784 0 4181239
313 0 0 0 2075058 0 5010171
314 0 0 0 4494957 0 102934
315 0 0 0 2310410 0 4875130
316 0 0 0 3931228 0 3642740
317 0 0 0 1587681 0 940610
318 0 0 0 2680944 0 1481898
319 0 0 0 4690514 0 5507213
320 0 0 0 5080575 0 5719944
321 0 0 0 2291098 0 4119601
322 0 0 0 5456425 0 2578573
323 0 0 0 1435865 0 4611434
324 0 0 0 2677781 0 4443592
325 0 0 0 3788515 0 1694085
326 0 0 0 2338394 0 5792811
327 0 0 0 2925427 0 4907700
328 0 0 0 1159615 0 1221806
329 0 0 0 1704838 0 3447539
330 0 0 0 1695041 0 2969593
331 0 0 0 4156070 0 1916593
332 0 0 0 4712246 0 2519178
333 0 0 0 2042969 0 4301087
334 0 0 0 5030726 0 1920944
335 0 0 0 5746464 0 3904042
336 0 0 0 3175370 0 4257986
337 0 0 0 5700020 0 719591
338 0 0 0 223516 0 2720837
339 0 0 0 4313246 0 1848141
340 0 0 0 867320 0 1143879
341 0 0 0 2161467 0 4136984
342 0 0 0 3704023 0 5475977
343 0 0 0 2610160 0 4976250
344 0 0 0 5181414 0 2627046
345 0 0 0 2306234 0 4508638
346 0 0 0 2480252 0 4983653
347 0 0 0 4979068 0 2589433
348 0 0 0 969081 0 1823987
349 0 0 0 5239041 0 529719
350 0 0 0 2002869 0 1755576
351 0 0 0 2705961 0 4289189
352 0 0 0 2817903 0 4172915
353 0 0 0 1094670 0 3343016
354 0 0 0 893323 0 5495820
355 0 0 0 2530206 0 1432332
356 0 0 0 1044076 0 3242412
357 0 0 0 3442953 0 5415679
358 0 0 0 5330550 0 1606857
359 0 0 0 3556160 0 2521061
360 0 0 0 5363081 0 4039124
361 0 0 0 2814988 0 4583701
362 0 0 0 4021354 0 5966757
363 0 0 0 2959193 0 5169926
364 0 0 0 1425334 0 3935003
365 0 0 0 3193649 0 5767870
366 0 0 0 2034906 0 1180104
367 0 0 0 3056009 0 4693576
368 0 0 0 5761300 0 1552741
369 0 0 0 434276 0 5980821
370 0 0 0 926835 0 1047749
371 0 0 0 2162020 0 5019433
372 0 0 0 4372899 0 1186044
373 0 0 0 982489 0 3358113
374 0 0 0 4740744 0 4597725
375 0 0 0 5431260 0 158080
376 0 0 0 2862716 0 3040363
377 0 0 0 4690642 0 29505
378 0 0 0 2114390 0 641111
379 0 0 0 632081 0 3776331
380 0 0 0 3070293 0 4938512
381 0 0 0 2976858 0 442190
382 0 0 0 2757322 0 2270270
383 0 0 0 3796431 0 5214251
384 0 0 0 5904114 0 4540511
385 0 0 0 1868659 0 1067337
386 0 0 0 5519997 0 3609998
387 0 0 0 167658 0 5295881
388 0 0 0 4544555 0 2084086
389 0 0 0 3689267 0 63492
390 0 0 0 380367 0 2981534
391 0 0 0 3429673 0 2660393
392 0 0 0 2907819 0 2817386
393 0 0 0 5583292 0 3060717
394 0 0 0 5789975 0 4684905
395 0 0 0 169943 0 1499152
396 0 0 0 4492722 0 5552998
397 0 0 0 4583511 0 4889383
398 0 0 0 1720082 0 5118300
399 0 0 0 3067833 0 2646517
400 0 0 0 3976350 0 4698142
401 0 0 0 1487618 0 3794447
402 0 0 0 5330796 0 3675206
403 0 0 0 2209871 0 4512300
404 0 0 0 453603 0 5477174
405 0 0 0 559611 0 2574718
406 0 0 0 3110540 0 1524506
407 0 0 0 3696803 0 257959
408 0 0 0 1681237 0 2819446
409 0 0 0 3420801 0 1172669
410 0 0 0 1222383 0 924378
411 0 0 0 5131394 0 3408453
412 0 0 0 4222095 0 1434240
413 0 0 0 5221469 0 4228412
414 0 0 0 735727 0 4174986
415 0 0 0 4214538 0 932956
416 0 0 0 1490689 0 116661
417 0 0 0 5442238 0 549998
418 0 0 0 5650750 0 1078918
419 0 0 0 4060329 0 5931855
420 0 0 0 2235566 0 5813450
421 0 0 0 4088084 0 4137041
422 0 0 0 4819606 0 565677
423 0 0 0 462235 0 1268908
424 0 0 0 2392183 0 4270676
425 0 0 0 3896396 0 4236612
426 0 0 0 5120917 0 1588153
427 0 0 0 3060182 0 5315465
428 0 0 0 1241654 0 3995015
429 0 0 0 5239007 0 2878286
430 0 0 0 1734084 0 4825850
431 0 0 0 3151400 0 815006
432 0 0 0 243399 0 369058
433 0 0 0 3799375 0 2394321
434 0 0 0 4152981 0 5292972
435 0 0 0 3504104 0 3747797
436 0 0 0 4519204 0 4908609
437 0 0 0 345804 0 649079
438 0 0 0 3005578 0 5215759
439 0 0 0 1221725 0 3956526
440 0 0 0 5926710 0 4984846
441 0 0 0 3719748 0 2932184
442 0 0 0 5377784 0 4240080
443 0 0 0 2469971 0 4930440
444 0 0 0 4725987 0 2935396
445 0 0 0 3597747 0 3738022
446 0 0 0 599265 0 2455656
447 0 0 0 116990 0 4108707
448 0 0 0 419783 0 5616367
449 0 0 0 1703262 0 1609430
450 0 0 0 5987054 0 191976
451 0 0 0 490811 0 5931187
452 0 0 0 2656717 0 2593420
453 0 0 0 2133934 0 3213058
454 0 0 0 1499892 0 168574
455 0 0 0 5458016 0 3459175
456 0 0 0 5134099 0 5284141
457 0 0 0 3541974 0 3271320
458 0 0 0 4565504 0 2628927
459 0 0 0 908946 0 1575178
460 0 0 0 5340492 0 4527991
461 0 0 0 325576 0 2325551
462 0 0 0 541423 0 5040939
463 0 0 0 3585918 0 5261775
464 0 0 0 2860027 0 2802796
465 0 0 0 1742454 0 5903915
466 0 0 0 5898402 0 5832271
467 0 0 0 813126 0 4071201
468 0 0 0 1559687 0 1510903
469 0 0 0 2469680 0 2605242
470 0 0 0 1866336 0 170920
471 0 0 0 151166 0 1821076
472 0 0 0 4177540 0 3182342
473 0 0 0 335320 0 3454283
474 0 0 0 5210690 0 4201918
475 0 0 0 323885 0 5025670
476 0 0 0 2217369 0 5859107
477 0 0 0 3158162 0 1198469
478 0 0 0 5180754 0 446483
479 0 0 0 4431431 0 1278349
480 0 0 0 5980018 0 4575830
481 0 0 0 1757634 0 1009542
482 0 0 0 3174513 0 3413555
483 0 0 0 90998 0 5437549
484 0 0 0 4424841 0 3199532
485 0 0 0 1462453 0 4364172
486 0 0 0 32778 0 4920601
487 0 0 0 5618568 0 3274521
488 0 0 0 4952384 0 2130764
489 0 0 0 5850977 0 3769439
490 0 0 0 3171762 0 2144099
491 0 0 0 4405800 0 3588119
492 0 0 0 3144883 0 5596145
493 0 0 0 2862089 0 1545430
494 0 0 0 3838145 0 5824721
495 0 0 0 4206116 0 1842898
496 0 0 0 575091 0 1631544
497 0 0 0 2091399 0 5985745
498 0 0 0 3836935 0 4958569
499 0 0 0 1456627 0 1037777
500 0 0 0 1116849 0 2352576
501 0 0 0 5916557 0 749980
502 0 0 0 1945942 0 499679
503 0 0 0 36980 0 567283
504 0 0 0 307044 0 559889
505 0 0 0 2696250 0 1452371
506 0 0 0 2473496 0 5637402
507 0 0 0 538429 0 5258618
508 0 0 0 2179897 0 3415289
509 0 0 0 31996 0 4995080
510 0 0 0 3398037 0 4600673
511 0 0 0 4516132 0 2152140
512 0 0 0 3119825 0 5612435
513 0 0 0 435975 0 2183830
514 0 0 0 359457 0 4932141
515 0 0 0 264965 0 2300455
516 0 0 0 2225557 0 5119839
517 0 0 0 3501848 0 5788876
518 0 0 0 5564665 0 4394892
519 0 0 0 1468452 0 5707360
520 0 0 0 30228 0 2065207
521 0 0 0 5744138 0 2442379
522 0 0 0 4398558 0 1405451
523 0 0 0 540644 0 5701354
524 0 0 0 1433808 0 3141177
525 0 0 0 1056923 0 2344952
526 0 0 0 105822 0 2422515
527 0 0 0 1904677 0 4898685
528 0 0 0 5709683 0 930849
529 0 0 0 1114334 0 5388518
530 0 0 0 1277382 0 1613373
531 0 0 0 1156331 0 3289141
532 0 0 0 34841 0 4850980
533 0 0 0 2126346 0 4189655
534 0 0 0 2407229 0 4868647
535 0 0 0 3964299 0 18308
536 0 0 0 4698285 0 4543892
537 0 0 0 1091286 0 2853582
538 0 0 0 3743271 0 655684
539 0 0 0 2137427 0 5195039
540 0 0 0 5422757 0 5485345
541 0 0 0 2730417 0 1445693
542 0 0 0 3861481 0 2616804
543 0 0 0 5985085 0 514764
544 0 0 0 5175990 0 5043786
545 0 0 0 436815 0 23189
546 0 0 0 2941854 0 936765
547 0 0 0 3415395 0 5998148
548 0 0 0 3320355 0 561148
549 0 0 0 4656 0 5745556
550 0 0 0 1584732 0 5214726
551 0 0 0 5936454 0 2096830
552 0 0 0 1531313 0 5697004
553 0 0 0 90633 0 2624283
554 0 0 0 3366476 0 3436592
555 0 0 0 5031578 0 2795902
556 0 0 0 446528 0 4271635
557 0 0 0 4298783 0 4488911
558 0 0 0 2032928 0 4420600
559 0 0 0 3261481 0 1060976
560 0 0 0 3155707 0 2569612
561 0 0 0 4017219 0 5145946
562 0 0 0 5008251 0 4970643
563 0 0 0 1545780 0 461469
564 0 0 0 1108580 0 2709134
565 0 0 0 3408143 0 4642602
566 0 0 0 3883158 0 1385823
567 0 0 0 2054546 0 3732114
568 0 0 0 5829986 0 2281007
569 0 0 0 3207663 0 193618
570 0 0 0 2334791 0 2516655
571 0 0 0 603837 0 181066
572 0 0 0 5003583 0 5346242
573 0 0 0 299263 0 1027679
574 0 0 0 4038986 0 79749
575 0 0 0 940453 0 2947694
576 0 0 0 1226778 0 2688601
577 0 0 0 2332298 0 4816551
578 0 0 0 4242047 0 1798373
579 0 0 0 1039905 0 529492
580 0 0 0 4280886 0 4540178
581 0 0 0 1535944 0 5050387
582 0 0 0 5912462 0 4805892
583 0 0 0 3871281 0 525105
584 0 0 0 3896900 0 5459789
585 0 0 0 145671 0 48772
586 0 0 0 5176339 0 5397437
587 0 0 0 1829212 0 4730168
588 0 0 0 417915 0 1168598
589 0 0 0 1847519 0 959474
590 0 0 0 3720434 0 2374074
591 0 0 0 3859255 0 1610078
592 0 0 0 335126 0 2299296
593 0 0 0 1218420 0 1720009
594 0 0 0 4917941 0 2954028
595 0 0 0 5623309 0 448342
596 0 0 0 4905241 0 2130785
597 0 0 0 1756767 0 5038432
598 0 0 0 1867533 0 1163673
599 0 0 0 5362251 0 1272858
600 0 0 0 195550 0 1708832
601 0 0 0 1336464 0 5421321
602 0 0 0 1311198 0 5638740
603 0 0 0 5868484 0 277521
604 0 0 0 4164905 0 3243935
605 0 0 0 5257368 0 2843760
606 0 0 0 5780207 0 1764212
607 0 0 0 3704124 0 5499945
608 0 0 0 4614987 0 3616653
609 0 0 0 5657970 0 1193896
610 0 0 0 4040480 0 4640744
611 0 0 0 5726326 0 5378442
612 0 0 0 4796652 0 4624410
613 0 0 0 2977567 0 5152416
614 0 0 0 4935144 0 4338809
615 0 0 0 2635021 0 820396
616 0 0 0 2956241 0 4118087
617 0 0 0 1435449 0 3302361
618 0 0 0 5213023 0 3724400
619 0 0 0 1638170 0 1578719
620 0 0 0 1411117 0 194891
621 0 0 0 1210278 0 834526
622 0 0 0 3752431 0 3557062
623 0 0 0 2610105 0 2624487
624 0 0 0 1258659 0 2339108
625 0 0 0 5987369 0 4775707
626 0 0 0 3175337 0 4386338
627 0 0 0 5582264 0 5816800
628 0 0 0 2175596 0 2316363
629 0 0 0 5891204 0 2161060
630 0 0 0 2215977 0 38868
631 0 0 0 1586969 0 3001126
632 0 0 0 3984335 0 5359236
633 0 0 0 1841914 0 47108
634 0 0 0 3848815 0 1140430
635 0 0 0 5829222 0 1899840
636 0 0 0 157757 0 1645121
637 0 0 0 2895164 0 5516848
638 0 0 0 4799293 0 3270682
639 0 0 0 1908558 0 2736844
640 0 0 0 2107946 0 3525236
641 0 0 0 1567175 0 4668367
642 0 0 0 5784541 0 4157760
643 0 0 0 3727787 0 2758043
644 0 0 0 3288646 0 5639250
645 0 0 0 2461232 0 4896242
646 0 0 0 4695070 0 5488497
647 0 0 0 1959832 0 1333261
648 0 0 0 1228834 0 7079
649 0 0 0 363737 0 5468932
650 0 0 0 3267874 0 92287
651 0 0 0 5040754 0 2737427
652 0 0 0 2092775 0 4461546
653 0 0 0 3894182 0 5414197
654 0 0 0 1913652 0 3610861
655 0 0 0 2856333 0 3881850
656 0 0 0 3876744 0 3648188
657 0 0 0 1886892 0 4582552
658 0 0 0 5781996 0 1450464
659 0 0 0 2159371 0 4364440
660 0 0 0 409521 0 4016333
661 0 0 0 649834 0 924364
662 0 0 0 2327996 0 4503403
663 0 0 0 2718348 0 2576349
664 0 0 0 741840 0 3874029
665 0 0 0 3580882 0 4510890
666 0 0 0 2209900 0 5468320
667 0 0 0 3016977 0 3771547
668 0 0 0 274556 0 3742268
669 0 0 0 2480538 0 1387737
670 0 0 0 4235289 0 1866293
671 0 0 0 1848271 0 2495068
672 0 0 0 2939257 0 5424282
673 0 0 0 554077 0 4510670
674 0 0 0 5641007 0 4924740
675 0 0 0 4035441 0 5318543
676 0 0 0 1707261 0 2270202
677 0 0 0 1672060 0 4020855
678 0 0 0 4265832 0 770096
679 0 0 0 2207786 0 3768623
680 0 0 0 5412540 0 2931677
681 0 0 0 2175186 0 694826
682 0 0 0 2986225 0 2779375
683 0 0 0 4375393 0 2071349
684 0 0 0 3644356 0 2337916
685 0 0 0 786221 0 3218352
686 0 0 0 3440868 0 4509222
687 0 0 0 3719953 0 4612947
688 0 0 0 4332200 0 5313089
689 0 0 0 5842811 0 2981146
690 0 0 0 263286 0 5870559
691 0 0 0 2224713 0 3268364
692 0 0 0 1562962 0 494595
693 0 0 0 5137486 0 1768394
694 0 0 0 5024197 0 474157
695 0 0 0 5080160 0 3346264
696 0 0 0 668501 0 2751191
697 0 0 0 4617366 0 1433710
698 0 0 0 4328296 0 5378432
699 0 0 0 349179 0 5418072
700 0 0 0 4596571 0 162451
701 0 0 0 1579715 0 561410
702 0 0 0 94344 0 4622176
703 0 0 0 3218356 0 3383333
704 0 0 0 896315 0 1898035
705 0 0 0 5956498 0 2209111
706 0 0 0 600371 0 1541721
707 0 0 0 5003206 0 3826930
708 0 0 0 4443339 0 5649451
709 0 0 0 1833906 0 616730
710 0 0 0 1594648 0 949512
711 0 0 0 3799021 0 5545265
712 0 0 0 4648936 0 2600217
713 0 0 0 761831 0 2786817
714 0 0 0 4844745 0 3202911
715 0 0 0 253610 0 4467643
716 0 0 0 2200019 0 4619969
717 0 0 0 3137188 0 11900
718 0 0 0 3557993 0 2761736
719 0 0 0 5998236 0 4648016
720 0 0 0 514141 0 3830062
721 0 0 0 1880470 0 4145749
722 0 0 0 43044 0 1856661
723 0 0 0 981273 0 416051
724 0 0 0 2876638 0 1065247
725 0 0 0 4494314 0 3371169
726 0 0 0 2845914 0 5955348
727 0 0 0 823219 0 1958993
728 0 0 0 2205398 0 3103527
729 0 0 0 2505924 0 1772171
730 0 0 0 4559869 0 4955284
731 0 0 0 3430696 0 3225428
732 0 0 0 2118260 0 578823
733 0 0 0 3110102 0 5006912
734 0 0 0 5384333 0 1651310
735 0 0 0 3145798 0 718262
736 0 0 0 5771204 0 975981
737 0 0 0 3163776 0 4814301
738 0 0 0 2132561 0 2644733
739 0 0 0 1568445 0 902945
740 0 0 0 5430394 0 882959
741 0 0 0 4459610 0 1533595
742 0 0 0 1465385 0 5746175
743 0 0 0 2469993 0 1618814
744 0 0 0 5980393 0 1294941
745 0 0 0 3534092 0 5732422
746 0 0 0 5033399 0 1429811
747 0 0 0 2124906 0 3385292
748 0 0 0 2899052 0 709317
749 0 0 0 2199620 0 2481642
750 0 0 0 5992716 0 3429805
751 0 0 0 1909588 0 54176
752 0 0 0 1080556 0 2062958
753 0 0 0 3755755 0 2652003
754 0 0 0 5403093 0 1133864
755 0 0 0 1765951 0 5210342
756 0 0 0 4088528 0 5517905
757 0 0 0 5040629 0 3345572
758 0 0 0 3500142 0 1473009
759 0 0 0 4652727 0 655816
760 0 0 0 1869086 0 1534339
761 0 0 0 3210293 0 1885684
762 0 0 0 2421148 0 3489054
763 0 0 0 1624031 0 1652777
764 0 0 0 3956289 0 4851262
765 0 0 0 3196672 0 4257508
766 0 0 0 5445717 0 1772447
767 0 0 0 2727253 0 3753616
768 0 0 0 2287512 0 4881474
769 0 0 0 3891810 0 2383375
770 0 0 0 1104433 0 1769522
771 0 0 0 3575571 0 4164620
772 0 0 0 2864263 0 1640717
773 0 0 0 5500075 0 3278174
774 0 0 0 1780661 0 5442714
775 0 0 0 5619644 0 1038192
776 0 0 0 3404209 0 215075
777 0 0 0 3893169 0 2190555
778 0 0 0 4084749 0 3755260
779 0 0 0 3693261 0 4436671
780 0 0 0 2695486 0 5320623
781 0 0 0 4668922 0 1662689
782 0 0 0 4106672 0 1365126
783 0 0 0 514595 0 268596
784 0 0 0 3039769 0 1946445
785 0 0 0 1673885 0 2690707
786 0 0 0 1849418 0 3146098
787 0 0 0 4534681 0 921020
788 0 0 0 5198162 0 2975476
789 0 0 0 3280686 0 4825136
790 0 0 0 1205898 0 3893580
791 0 0 0 5603342 0 5708754
792 0 0 0 3398156 0 144560
793 0 0 0 1759097 0 556883
794 0 0 0 5182669 0 4704994
795 0 0 0 4046822 0 3075842
796 0 0 0 4179372 0 2764364
797 0 0 0 1973993 0 2741735
798 0 0 0 786587 0 4878260
799 0 0 0 2901917 0 2860796
800 0 0 0 3770806 0 1695981
801 0 0 0 1957529 0 2787947
802 0 0 0 5799787 0 2963119
803 0 0 0 367718 0 5336458
804 0 0 0 2145526 0 1250291
805 0 0 0 1728781 0 3381421
806 0 0 0 2166698 0 1099594
807 0 0 0 5503649 0 258037
808 0 0 0 474728 0 3542430
809 0 0 0 5468077 0 3492812
810 0 0 0 3071948 0 4108630
811 0 0 0 5097733 0 4419602
812 0 0 0 2578369 0 3137953
813 0 0 0 2228551 0 1766761
814 0 0 0 5385260 0 1295136
815 0 0 0 5139237 0 970565
816 0 0 0 63322 0 318603
817 0 0 0 3785200 0 4783679
818 0 0 0 5631664 0 3776339
819 0 0 0 1592808 0 5451417
820 0 0 0 4468875 0 2302043
821 0 0 0 3555792 0 4902116
822 0 0 0 1891733 0 2650007
823 0 0 0 3576376 0 211524
824 0 0 0 4757818 0 3399034
825 0 0 0 5989627 0 3518404
826 0 0 0 1366569 0 4640459
827 0 0 0 5586823 0 863403
828 0 0 0 3960193 0 4610343
829 0 0 0 32461 0 3925696
830 0 0 0 2229669 0 936230
831 0 0 0 4325266 0 5236736
832 0 0 0 3919810 0 333187
833 0 0 0 1795783 0 3026940
834 0 0 0 1592439 0 1728255
835 0 0 0 3916933 0 3649420
836 0 0 0 1054308 0 677179
837 0 0 0 1101692 0 4728072
838 0 0 0 1504677 0 5885961
839 0 0 0 1624117 0 1855100
840 0 0 0 4237188 0 706538
841 0 0 0 1733685 0 3120020
842 0 0 0 2881855 0 945210
843 0 0 0 1185450 0 5489138
844 0 0 0 5425855 0 2945969
845 0 0 0 1521760 0 4901309
846 0 0 0 1739785 0 231977
847 0 0 0 1204767 0 566904
848 0 0 0 612828 0 1067492
849 0 0 0 1330362 0 5844294
850 0 0 0 3585999 0 5036200
851 0 0 0 1518309 0 2706789
852 0 0 0 3434191 0 1376377
853 0 0 0 4069252 0 2560606
854 0 0 0 218604 0 1902822
855 0 0 0 3254688 0 2197006
856 0 0 0 3835825 0 693432
857 0 0 0 16127 0 4576062
858 0 0 0 5616552 0 5197827
859 0 0 0 649162 0 4134967
860 0 0 0 5390487 0 1678992
861 0 0 0 4529536 0 5316790
862 0 0 0 4799231 0 1903492
863 0 0 0 2035064 0 1352439
864 0 0 0 4766735 0 5384290
865 0 0 0 2789582 0 4623891
866 0 0 0 3415614 0 5082239
867 0 0 0 3931017 0 5203943
868 0 0 0 4204169 0 5008764
869 0 0 0 5153277 0 3091161
870 0 0 0 249202 0 5210871
871 0 0 0 5832040 0 739788
872 0 0 0 3127515 0 5602759
873 0 0 0 2525021 0 3040898
874 0 0 0 5674644 0 1143907
875 0 0 0 3769182 0 1805081
876 0 0 0 69626 0 3502799
877 0 0 0 4944790 0 5588107
878 0 0 0 1008523 0 5751784
879 0 0 0 4912073 0 4888094
880 0 0 0 4938708 0 5709857
881 0 0 0 4125530 0 194068
882 0 0 0 67817 0 4847825
883 0 0 0 4901739 0 1358037
884 0 0 0 2816303 0 1810313
885 0 0 0 3235782 0 1867546
886 0 0 0 4049080 0 1869115
887 0 0 0 3105403 0 503169
888 0 0 0 791160 0 2290598
889 0 0 0 4802881 0 4120487
890 0 0 0 3767801 0 3201295
891 0 0 0 3389433 0 5907675
892 0 0 0 3169459 0 3301719
893 0 0 0 1575580 0 2627568
894 0 0 0 5505459 0 5518775
895 0 0 0 5849881 0 1179067
896 0 0 0 1776880 0 331103
897 0 0 0 2310315 0 5722406
898 0 0 0 2362425 0 4187221
899 0 0 0 5072311 0 4767579
900 0 0 0 3689241 0 5464342
901 0 0 0 186347 0 4714197
902 0 0 0 4084209 0 3939757
903 0 0 0 3612443 0 2336566
904 0 0 0 4401086 0 1112772
905 0 0 0 2749391 0 4268598
906 0 0 0 1928591 0 5267587
907 0 0 0 1064137 0 5141494
908 0 0 0 4850490 0 3002694
909 0 0 0 5248046 0 5181843
910 0 0 0 5740656 0 3874054
911 0 0 0 2124312 0 3851704
912 0 0 0 3262433 0 5448342
913 0 0 0 2630122 0 4445780
914 0 0 0 3813418 0 2082327
915 0 0 0 4285522 0 1893379
916 0 0 0 302393 0 5844098
917 0 0 0 3822421 0 558516
918 0 0 0 1905581 0 4466042
919 0 0 0 1349658 0 5227388
920 0 0 0 2778692 0 2044127
921 0 0 0 5273177 0 5850836
922 0 0 0 834790 0 3298888
923 0 0 0 3805042 0 3138775
924 0 0 0 928686 0 4297105
925 0 0 0 5754636 0 783508
926 0 0 0 3645199 0 4895550
927 0 0 0 5165300 0 4675860
928 0 0 0 5077501 0 3257304
929 0 0 0 5053517 0 3239485
930 0 0 0 2709851 0 3378492
931 0 0 0 723667 0 3231088
932 0 0 0 5819641 0 3756827
933 0 0 0 5956598 0 527227
934 0 0 0 5420695 0 1967703
935 0 0 0 372482 0 3572875
936 0 0 0 5895037 0 134358
937 0 0 0 4722135 0 5319141
938 0 0 0 4691748 0 162850
939 0 0 0 4419588 0 11761
940 0 0 0 5685561 0 146190
941 0 0 0 1536823 0 3755407
942 0 0 0 5681441 0 4029758
943 0 0 0 3023102 0 1533743
944 0 0 0 2814916 0 5791226
945 0 0 0 1276071 0 2569711
946 0 0 0 4174857 0 2457509
947 0 0 0 5637172 0 2920738
948 0 0 0 3070065 0 4404137
949 0 0 0 2806685 0 2033645
950 0 0 0 2211435 0 789027
951 0 0 0 1709380 0 4053017
952 0 0 0 2255529 0 1684567
953 0 0 0 1124470 0 866410
954 0 0 0 1583117 0 3023232
955 0 0 0 5602286 0 4976857
956 0 0 0 2673443 0 3925614
957 0 0 0 2187634 0 1742827
958 0 0 0 2342217 0 4880010
959 0 0 0 3784108 0 2201370
960 0 0 0 1344455 0 3088821
961 0 0 0 2993285 0 266666
962 0 0 0 3153839 0 3764816
963 0 0 0 5344387 0 4494633
964 0 0 0 2120431 0 4294893
965 0 0 0 4617823 0 1938716
966 0 0 0 826469 0 381579
967 0 0 0 5817211 0 36835
968 0 0 0 4584221 0 537846
969 0 0 0 2523267 0 4807381
970 0 0 0 997546 0 288429
971 0 0 0 2434567 0 321280
972 0 0 0 3735838 0 213736
973 0 0 0 5675303 0 4341495
974 0 0 0 377482 0 5162010
975 0 0 0 2241162 0 5973084
976 0 0 0 2431109 0 4068640
977 0 0 0 381649 0 5523360
978 0 0 0 1050362 0 5401310
979 0 0 0 3131531 0 2518835
980 0 0 0 2101646 0 2684732
981 0 0 0 1831781 0 4666247
982 0 0 0 4241603 0 233986
983 0 0 0 4341718 0 3488337
984 0 0 0 3776263 0 1882795
985 0 0 0 2251276 0 4803184
986 0 0 0 2832654 0 5508894
987 0 0 0 2598118 0 5660168
988 0 0 0 608173 0 2487341
989 0 0 0 654590 0 3690957
990 0 0 0 1647188 0 1651886
991 0 0 0 1014210 0 4223235
992 0 0 0 1435208 0 1774979
993 0 0 0 2758213 0 758039
994 0 0 0 1031654 0 102027
995 0 0 0 924401 0 2745189
996 0 0 0 958994 0 1119510
997 0 0 0 5192981 0 4200425
998 0 0 0 3565889 0 5406059
999 0 0 0 3570104 0 2880417
