This file contains any messages produced by compilers while
running configure, to aid debugging if configure makes a mistake.

It was created by bitsimulator configure 0.9.4+, which was
generated by GNU Autoconf 2.69.  Invocation command line was

  $ ./configure 

## --------- ##
## Platform. ##
## --------- ##

hostname = E6500-snouri
uname -m = x86_64
uname -r = 5.4.0-58-generic
uname -s = Linux
uname -v = #64-Ubuntu SMP Wed Dec 9 08:16:25 UTC 2020

/usr/bin/uname -p = x86_64
/bin/uname -X     = unknown

/bin/arch              = x86_64
/usr/bin/arch -k       = unknown
/usr/convex/getsysinfo = unknown
/usr/bin/hostinfo      = unknown
/bin/machine           = unknown
/usr/bin/oslevel       = unknown
/bin/universe          = unknown

PATH: /usr/local/sbin
PATH: /usr/local/bin
PATH: /usr/sbin
PATH: /usr/bin
PATH: /sbin
PATH: /bin
PATH: /usr/games
PATH: /usr/local/games
PATH: /snap/bin


## ----------- ##
## Core tests. ##
## ----------- ##

configure:2765: checking for a BSD-compatible install
configure:2833: result: /usr/bin/install -c
configure:2844: checking whether build environment is sane
configure:2899: result: yes
configure:3048: checking for a thread-safe mkdir -p
configure:3087: result: /usr/bin/mkdir -p
configure:3094: checking for gawk
configure:3110: found /usr/bin/gawk
configure:3121: result: gawk
configure:3132: checking whether make sets $(MAKE)
configure:3154: result: yes
configure:3183: checking whether make supports nested variables
configure:3200: result: yes
configure:3386: checking for g++
configure:3402: found /usr/bin/g++
configure:3413: result: g++
configure:3440: checking for C++ compiler version
configure:3449: g++ --version >&5
g++ (Ubuntu 9.3.0-17ubuntu1~20.04) 9.3.0
Copyright (C) 2019 Free Software Foundation, Inc.
This is free software; see the source for copying conditions.  There is NO
warranty; not even for MERCHANTABILITY or FITNESS FOR A PARTICULAR PURPOSE.

configure:3460: $? = 0
configure:3449: g++ -v >&5
Using built-in specs.
COLLECT_GCC=g++
COLLECT_LTO_WRAPPER=/usr/lib/gcc/x86_64-linux-gnu/9/lto-wrapper
OFFLOAD_TARGET_NAMES=nvptx-none:hsa
OFFLOAD_TARGET_DEFAULT=1
Target: x86_64-linux-gnu
Configured with: ../src/configure -v --with-pkgversion='Ubuntu 9.3.0-17ubuntu1~20.04' --with-bugurl=file:///usr/share/doc/gcc-9/README.Bugs --enable-languages=c,ada,c++,go,brig,d,fortran,objc,obj-c++,gm2 --prefix=/usr --with-gcc-major-version-only --program-suffix=-9 --program-prefix=x86_64-linux-gnu- --enable-shared --enable-linker-build-id --libexecdir=/usr/lib --without-included-gettext --enable-threads=posix --libdir=/usr/lib --enable-nls --enable-clocale=gnu --enable-libstdcxx-debug --enable-libstdcxx-time=yes --with-default-libstdcxx-abi=new --enable-gnu-unique-object --disable-vtable-verify --enable-plugin --enable-default-pie --with-system-zlib --with-target-system-zlib=auto --enable-objc-gc=auto --enable-multiarch --disable-werror --with-arch-32=i686 --with-abi=m64 --with-multilib-list=m32,m64,mx32 --enable-multilib --with-tune=generic --enable-offload-targets=nvptx-none=/build/gcc-9-HskZEa/gcc-9-9.3.0/debian/tmp-nvptx/usr,hsa --without-cuda-driver --enable-checking=release --build=x86_64-linux-gnu --host=x86_64-linux-gnu --target=x86_64-linux-gnu
Thread model: posix
gcc version 9.3.0 (Ubuntu 9.3.0-17ubuntu1~20.04) 
configure:3460: $? = 0
configure:3449: g++ -V >&5
g++: error: unrecognized command line option '-V'
g++: fatal error: no input files
compilation terminated.
configure:3460: $? = 1
configure:3449: g++ -qversion >&5
g++: error: unrecognized command line option '-qversion'; did you mean '--version'?
g++: fatal error: no input files
compilation terminated.
configure:3460: $? = 1
configure:3480: checking whether the C++ compiler works
configure:3502: g++    conftest.cpp  >&5
configure:3506: $? = 0
configure:3554: result: yes
configure:3557: checking for C++ compiler default output file name
configure:3559: result: a.out
configure:3565: checking for suffix of executables
configure:3572: g++ -o conftest    conftest.cpp  >&5
configure:3576: $? = 0
configure:3598: result: 
configure:3620: checking whether we are cross compiling
configure:3628: g++ -o conftest    conftest.cpp  >&5
configure:3632: $? = 0
configure:3639: ./conftest
configure:3643: $? = 0
configure:3631: result: no
configure:3636: checking for suffix of object files
configure:3658: g++ -c   conftest.cpp >&5
configure:3662: $? = 0
configure:3683: result: o
configure:3687: checking whether we are using the GNU C++ compiler
configure:3706: g++ -c   conftest.cpp >&5
configure:3706: $? = 0
configure:3715: result: yes
configure:3724: checking whether g++ accepts -g
configure:3744: g++ -c -g  conftest.cpp >&5
configure:3744: $? = 0
configure:3785: result: yes
configure:3811: checking whether make supports the include directive
configure:3826: make -f confmf.GNU && cat confinc.out
this is the am__doit target
configure:3829: $? = 0
configure:3848: result: yes (GNU style)
configure:3873: checking dependency style of g++
configure:3984: result: gcc3
configure:4047: checking for gcc
configure:4063: found /usr/bin/gcc
configure:4074: result: gcc
configure:4303: checking for C compiler version
configure:4312: gcc --version >&5
gcc (Ubuntu 9.3.0-17ubuntu1~20.04) 9.3.0
Copyright (C) 2019 Free Software Foundation, Inc.
This is free software; see the source for copying conditions.  There is NO
warranty; not even for MERCHANTABILITY or FITNESS FOR A PARTICULAR PURPOSE.

configure:4323: $? = 0
configure:4312: gcc -v >&5
Using built-in specs.
COLLECT_GCC=gcc
COLLECT_LTO_WRAPPER=/usr/lib/gcc/x86_64-linux-gnu/9/lto-wrapper
OFFLOAD_TARGET_NAMES=nvptx-none:hsa
OFFLOAD_TARGET_DEFAULT=1
Target: x86_64-linux-gnu
Configured with: ../src/configure -v --with-pkgversion='Ubuntu 9.3.0-17ubuntu1~20.04' --with-bugurl=file:///usr/share/doc/gcc-9/README.Bugs --enable-languages=c,ada,c++,go,brig,d,fortran,objc,obj-c++,gm2 --prefix=/usr --with-gcc-major-version-only --program-suffix=-9 --program-prefix=x86_64-linux-gnu- --enable-shared --enable-linker-build-id --libexecdir=/usr/lib --without-included-gettext --enable-threads=posix --libdir=/usr/lib --enable-nls --enable-clocale=gnu --enable-libstdcxx-debug --enable-libstdcxx-time=yes --with-default-libstdcxx-abi=new --enable-gnu-unique-object --disable-vtable-verify --enable-plugin --enable-default-pie --with-system-zlib --with-target-system-zlib=auto --enable-objc-gc=auto --enable-multiarch --disable-werror --with-arch-32=i686 --with-abi=m64 --with-multilib-list=m32,m64,mx32 --enable-multilib --with-tune=generic --enable-offload-targets=nvptx-none=/build/gcc-9-HskZEa/gcc-9-9.3.0/debian/tmp-nvptx/usr,hsa --without-cuda-driver --enable-checking=release --build=x86_64-linux-gnu --host=x86_64-linux-gnu --target=x86_64-linux-gnu
Thread model: posix
gcc version 9.3.0 (Ubuntu 9.3.0-17ubuntu1~20.04) 
configure:4323: $? = 0
configure:4312: gcc -V >&5
gcc: error: unrecognized command line option '-V'
gcc: fatal error: no input files
compilation terminated.
configure:4323: $? = 1
configure:4312: gcc -qversion >&5
gcc: error: unrecognized command line option '-qversion'; did you mean '--version'?
gcc: fatal error: no input files
compilation terminated.
configure:4323: $? = 1
configure:4327: checking whether we are using the GNU C compiler
configure:4346: gcc -c   conftest.c >&5
configure:4346: $? = 0
configure:4355: result: yes
configure:4364: checking whether gcc accepts -g
configure:4384: gcc -c -g  conftest.c >&5
configure:4384: $? = 0
configure:4425: result: yes
configure:4442: checking for gcc option to accept ISO C89
configure:4505: gcc  -c -g -O2  conftest.c >&5
configure:4505: $? = 0
configure:4518: result: none needed
configure:4543: checking whether gcc understands -c and -o together
configure:4565: gcc -c conftest.c -o conftest2.o
configure:4568: $? = 0
configure:4565: gcc -c conftest.c -o conftest2.o
configure:4568: $? = 0
configure:4580: result: yes
configure:4599: checking dependency style of gcc
configure:4710: result: gcc3
configure:4749: checking how to run the C++ preprocessor
configure:4776: g++ -E  conftest.cpp
configure:4776: $? = 0
configure:4790: g++ -E  conftest.cpp
conftest.cpp:11:10: fatal error: ac_nonexistent.h: No such file or directory
   11 | #include <ac_nonexistent.h>
      |          ^~~~~~~~~~~~~~~~~~
compilation terminated.
configure:4790: $? = 1
configure: failed program was:
| /* confdefs.h */
| #define PACKAGE_NAME "bitsimulator"
| #define PACKAGE_TARNAME "bitsimulator"
| #define PACKAGE_VERSION "0.9.4+"
| #define PACKAGE_STRING "bitsimulator 0.9.4+"
| #define PACKAGE_BUGREPORT "dominique.dhoutaut@univ-fcomte.fr"
| #define PACKAGE_URL ""
| #define PACKAGE "bitsimulator"
| #define VERSION "0.9.4+"
| /* end confdefs.h.  */
| #include <ac_nonexistent.h>
configure:4815: result: g++ -E
configure:4835: g++ -E  conftest.cpp
configure:4835: $? = 0
configure:4849: g++ -E  conftest.cpp
conftest.cpp:11:10: fatal error: ac_nonexistent.h: No such file or directory
   11 | #include <ac_nonexistent.h>
      |          ^~~~~~~~~~~~~~~~~~
compilation terminated.
configure:4849: $? = 1
configure: failed program was:
| /* confdefs.h */
| #define PACKAGE_NAME "bitsimulator"
| #define PACKAGE_TARNAME "bitsimulator"
| #define PACKAGE_VERSION "0.9.4+"
| #define PACKAGE_STRING "bitsimulator 0.9.4+"
| #define PACKAGE_BUGREPORT "dominique.dhoutaut@univ-fcomte.fr"
| #define PACKAGE_URL ""
| #define PACKAGE "bitsimulator"
| #define VERSION "0.9.4+"
| /* end confdefs.h.  */
| #include <ac_nonexistent.h>
configure:4878: checking for grep that handles long lines and -e
configure:4936: result: /usr/bin/grep
configure:4941: checking for egrep
configure:5003: result: /usr/bin/grep -E
configure:5008: checking for ANSI C header files
configure:5028: g++ -c -g -O2  conftest.cpp >&5
configure:5028: $? = 0
configure:5101: g++ -o conftest -g -O2   conftest.cpp  >&5
configure:5101: $? = 0
configure:5101: ./conftest
configure:5101: $? = 0
configure:5112: result: yes
configure:5125: checking for sys/types.h
configure:5125: g++ -c -g -O2  conftest.cpp >&5
configure:5125: $? = 0
configure:5125: result: yes
configure:5125: checking for sys/stat.h
configure:5125: g++ -c -g -O2  conftest.cpp >&5
configure:5125: $? = 0
configure:5125: result: yes
configure:5125: checking for stdlib.h
configure:5125: g++ -c -g -O2  conftest.cpp >&5
configure:5125: $? = 0
configure:5125: result: yes
configure:5125: checking for string.h
configure:5125: g++ -c -g -O2  conftest.cpp >&5
configure:5125: $? = 0
configure:5125: result: yes
configure:5125: checking for memory.h
configure:5125: g++ -c -g -O2  conftest.cpp >&5
configure:5125: $? = 0
configure:5125: result: yes
configure:5125: checking for strings.h
configure:5125: g++ -c -g -O2  conftest.cpp >&5
configure:5125: $? = 0
configure:5125: result: yes
configure:5125: checking for inttypes.h
configure:5125: g++ -c -g -O2  conftest.cpp >&5
configure:5125: $? = 0
configure:5125: result: yes
configure:5125: checking for stdint.h
configure:5125: g++ -c -g -O2  conftest.cpp >&5
configure:5125: $? = 0
configure:5125: result: yes
configure:5125: checking for unistd.h
configure:5125: g++ -c -g -O2  conftest.cpp >&5
configure:5125: $? = 0
configure:5125: result: yes
configure:5141: checking size of long
configure:5146: g++ -o conftest -g -O2   conftest.cpp  >&5
configure:5146: $? = 0
configure:5146: ./conftest
configure:5146: $? = 0
configure:5160: result: 8
configure:5177: checking for pkg-config
configure:5193: found /usr/bin/pkg-config
configure:5205: result: yes
configure:5215: checking tclap/CmdLine.h usability
configure:5215: g++ -c -g -O2  conftest.cpp >&5
configure:5215: $? = 0
configure:5215: result: yes
configure:5215: checking tclap/CmdLine.h presence
configure:5215: g++ -E  conftest.cpp
configure:5215: $? = 0
configure:5215: result: yes
configure:5215: checking for tclap/CmdLine.h
configure:5215: result: yes
configure:5279: checking for pkg-config
configure:5297: found /usr/bin/pkg-config
configure:5309: result: /usr/bin/pkg-config
configure:5334: checking pkg-config is at least version 0.9.0
configure:5337: result: yes
configure:5346: $PKG_CONFIG --exists --print-errors "tclap >= 1.2.2"
configure:5349: $? = 0
configure:5355: checking for main in -ltinyxml2
configure:5374: g++ -o conftest -g -O2   conftest.cpp -ltinyxml2   >&5
configure:5374: $? = 0
configure:5383: result: yes
configure:5396: checking for SDL_Init in -lSDL2
configure:5421: g++ -o conftest -g -O2   conftest.cpp -lSDL2  -ltinyxml2  >&5
configure:5421: $? = 0
configure:5430: result: yes
configure:5443: checking for aapolygonColor in -lSDL2_gfx
configure:5468: g++ -o conftest -g -O2   conftest.cpp -lSDL2_gfx  -lSDL2 -ltinyxml2  >&5
configure:5468: $? = 0
configure:5477: result: yes
configure:5490: checking for TTF_Init in -lSDL2_ttf
configure:5515: g++ -o conftest -g -O2   conftest.cpp -lSDL2_ttf  -lSDL2_gfx -lSDL2 -ltinyxml2  >&5
configure:5515: $? = 0
configure:5524: result: yes
configure:5537: checking for pthread_create in -lpthread
configure:5562: g++ -o conftest -g -O2   conftest.cpp -lpthread  -lSDL2_ttf -lSDL2_gfx -lSDL2 -ltinyxml2  >&5
configure:5562: $? = 0
configure:5571: result: yes
configure:5587: checking for freetype2
configure:5594: $PKG_CONFIG --exists --print-errors "freetype2"
configure:5597: $? = 0
configure:5611: $PKG_CONFIG --exists --print-errors "freetype2"
configure:5614: $? = 0
configure:5672: result: yes
configure:5680: checking build system type
configure:5694: result: x86_64-pc-linux-gnu
configure:5714: checking host system type
configure:5727: result: x86_64-pc-linux-gnu
configure:5784: checking how to run the C preprocessor
configure:5815: gcc -E  conftest.c
configure:5815: $? = 0
configure:5829: gcc -E  conftest.c
conftest.c:27:10: fatal error: ac_nonexistent.h: No such file or directory
   27 | #include <ac_nonexistent.h>
      |          ^~~~~~~~~~~~~~~~~~
compilation terminated.
configure:5829: $? = 1
configure: failed program was:
| /* confdefs.h */
| #define PACKAGE_NAME "bitsimulator"
| #define PACKAGE_TARNAME "bitsimulator"
| #define PACKAGE_VERSION "0.9.4+"
| #define PACKAGE_STRING "bitsimulator 0.9.4+"
| #define PACKAGE_BUGREPORT "dominique.dhoutaut@univ-fcomte.fr"
| #define PACKAGE_URL ""
| #define PACKAGE "bitsimulator"
| #define VERSION "0.9.4+"
| #define STDC_HEADERS 1
| #define HAVE_SYS_TYPES_H 1
| #define HAVE_SYS_STAT_H 1
| #define HAVE_STDLIB_H 1
| #define HAVE_STRING_H 1
| #define HAVE_MEMORY_H 1
| #define HAVE_STRINGS_H 1
| #define HAVE_INTTYPES_H 1
| #define HAVE_STDINT_H 1
| #define HAVE_UNISTD_H 1
| #define SIZEOF_LONG 8
| #define HAVE_LIBTINYXML2 1
| #define HAVE_LIBSDL2 1
| #define HAVE_LIBSDL2_GFX 1
| #define HAVE_LIBSDL2_TTF 1
| #define HAVE_LIBPTHREAD 1
| /* end confdefs.h.  */
| #include <ac_nonexistent.h>
configure:5854: result: gcc -E
configure:5874: gcc -E  conftest.c
configure:5874: $? = 0
configure:5888: gcc -E  conftest.c
conftest.c:27:10: fatal error: ac_nonexistent.h: No such file or directory
   27 | #include <ac_nonexistent.h>
      |          ^~~~~~~~~~~~~~~~~~
compilation terminated.
configure:5888: $? = 1
configure: failed program was:
| /* confdefs.h */
| #define PACKAGE_NAME "bitsimulator"
| #define PACKAGE_TARNAME "bitsimulator"
| #define PACKAGE_VERSION "0.9.4+"
| #define PACKAGE_STRING "bitsimulator 0.9.4+"
| #define PACKAGE_BUGREPORT "dominique.dhoutaut@univ-fcomte.fr"
| #define PACKAGE_URL ""
| #define PACKAGE "bitsimulator"
| #define VERSION "0.9.4+"
| #define STDC_HEADERS 1
| #define HAVE_SYS_TYPES_H 1
| #define HAVE_SYS_STAT_H 1
| #define HAVE_STDLIB_H 1
| #define HAVE_STRING_H 1
| #define HAVE_MEMORY_H 1
| #define HAVE_STRINGS_H 1
| #define HAVE_INTTYPES_H 1
| #define HAVE_STDINT_H 1
| #define HAVE_UNISTD_H 1
| #define SIZEOF_LONG 8
| #define HAVE_LIBTINYXML2 1
| #define HAVE_LIBSDL2 1
| #define HAVE_LIBSDL2_GFX 1
| #define HAVE_LIBSDL2_TTF 1
| #define HAVE_LIBPTHREAD 1
| /* end confdefs.h.  */
| #include <ac_nonexistent.h>
configure:6107: checking for pkg-config
configure:6137: result: /usr/bin/pkg-config
configure:6162: checking pkg-config is at least version 0.9.0
configure:6165: result: yes
configure:6175: checking for gl
configure:6182: $PKG_CONFIG --exists --print-errors "gl"
configure:6185: $? = 0
configure:6199: $PKG_CONFIG --exists --print-errors "gl"
configure:6202: $? = 0
configure:6448: result: yes
configure:6472: checking GL/gl.h usability
configure:6472: gcc -c  -g -O2  conftest.c >&5
configure:6472: $? = 0
configure:6472: result: yes
configure:6472: checking GL/gl.h presence
configure:6472: gcc -E  conftest.c
configure:6472: $? = 0
configure:6472: result: yes
configure:6472: checking for GL/gl.h
configure:6472: result: yes
configure:6499: checking for compiling a minimal OpenGL program
configure:6541: gcc -c  -g -O2  conftest.c >&5
configure:6541: $? = 0
configure:6565: result: yes
configure:6573: checking for linking a minimal OpenGL program
configure:6625: gcc -o conftest  -g -O2    conftest.c -lGL -lpthread -lSDL2_ttf -lSDL2_gfx -lSDL2 -ltinyxml2  >&5
configure:6625: $? = 0
configure:6658: result: yes
configure:6681: checking for size_t
configure:6681: g++ -c -g -O2  conftest.cpp >&5
configure:6681: $? = 0
configure:6681: g++ -c -g -O2  conftest.cpp >&5
conftest.cpp: In function 'int main()':
conftest.cpp:65:20: error: expected primary-expression before ')' token
   65 | if (sizeof ((size_t)))
      |                    ^
configure:6681: $? = 1
configure: failed program was:
| /* confdefs.h */
| #define PACKAGE_NAME "bitsimulator"
| #define PACKAGE_TARNAME "bitsimulator"
| #define PACKAGE_VERSION "0.9.4+"
| #define PACKAGE_STRING "bitsimulator 0.9.4+"
| #define PACKAGE_BUGREPORT "dominique.dhoutaut@univ-fcomte.fr"
| #define PACKAGE_URL ""
| #define PACKAGE "bitsimulator"
| #define VERSION "0.9.4+"
| #define STDC_HEADERS 1
| #define HAVE_SYS_TYPES_H 1
| #define HAVE_SYS_STAT_H 1
| #define HAVE_STDLIB_H 1
| #define HAVE_STRING_H 1
| #define HAVE_MEMORY_H 1
| #define HAVE_STRINGS_H 1
| #define HAVE_INTTYPES_H 1
| #define HAVE_STDINT_H 1
| #define HAVE_UNISTD_H 1
| #define SIZEOF_LONG 8
| #define HAVE_LIBTINYXML2 1
| #define HAVE_LIBSDL2 1
| #define HAVE_LIBSDL2_GFX 1
| #define HAVE_LIBSDL2_TTF 1
| #define HAVE_LIBPTHREAD 1
| #define HAVE_GL_GL_H 1
| #define HAVE_GL 1
| /* end confdefs.h.  */
| #include <stdio.h>
| #ifdef HAVE_SYS_TYPES_H
| # include <sys/types.h>
| #endif
| #ifdef HAVE_SYS_STAT_H
| # include <sys/stat.h>
| #endif
| #ifdef STDC_HEADERS
| # include <stdlib.h>
| # include <stddef.h>
| #else
| # ifdef HAVE_STDLIB_H
| #  include <stdlib.h>
| # endif
| #endif
| #ifdef HAVE_STRING_H
| # if !defined STDC_HEADERS && defined HAVE_MEMORY_H
| #  include <memory.h>
| # endif
| # include <string.h>
| #endif
| #ifdef HAVE_STRINGS_H
| # include <strings.h>
| #endif
| #ifdef HAVE_INTTYPES_H
| # include <inttypes.h>
| #endif
| #ifdef HAVE_STDINT_H
| # include <stdint.h>
| #endif
| #ifdef HAVE_UNISTD_H
| # include <unistd.h>
| #endif
| int
| main ()
| {
| if (sizeof ((size_t)))
| 	    return 0;
|   ;
|   return 0;
| }
configure:6681: result: yes
configure:6692: checking for ssize_t
configure:6692: g++ -c -g -O2  conftest.cpp >&5
configure:6692: $? = 0
configure:6692: g++ -c -g -O2  conftest.cpp >&5
conftest.cpp: In function 'int main()':
conftest.cpp:65:21: error: expected primary-expression before ')' token
   65 | if (sizeof ((ssize_t)))
      |                     ^
configure:6692: $? = 1
configure: failed program was:
| /* confdefs.h */
| #define PACKAGE_NAME "bitsimulator"
| #define PACKAGE_TARNAME "bitsimulator"
| #define PACKAGE_VERSION "0.9.4+"
| #define PACKAGE_STRING "bitsimulator 0.9.4+"
| #define PACKAGE_BUGREPORT "dominique.dhoutaut@univ-fcomte.fr"
| #define PACKAGE_URL ""
| #define PACKAGE "bitsimulator"
| #define VERSION "0.9.4+"
| #define STDC_HEADERS 1
| #define HAVE_SYS_TYPES_H 1
| #define HAVE_SYS_STAT_H 1
| #define HAVE_STDLIB_H 1
| #define HAVE_STRING_H 1
| #define HAVE_MEMORY_H 1
| #define HAVE_STRINGS_H 1
| #define HAVE_INTTYPES_H 1
| #define HAVE_STDINT_H 1
| #define HAVE_UNISTD_H 1
| #define SIZEOF_LONG 8
| #define HAVE_LIBTINYXML2 1
| #define HAVE_LIBSDL2 1
| #define HAVE_LIBSDL2_GFX 1
| #define HAVE_LIBSDL2_TTF 1
| #define HAVE_LIBPTHREAD 1
| #define HAVE_GL_GL_H 1
| #define HAVE_GL 1
| /* end confdefs.h.  */
| #include <stdio.h>
| #ifdef HAVE_SYS_TYPES_H
| # include <sys/types.h>
| #endif
| #ifdef HAVE_SYS_STAT_H
| # include <sys/stat.h>
| #endif
| #ifdef STDC_HEADERS
| # include <stdlib.h>
| # include <stddef.h>
| #else
| # ifdef HAVE_STDLIB_H
| #  include <stdlib.h>
| # endif
| #endif
| #ifdef HAVE_STRING_H
| # if !defined STDC_HEADERS && defined HAVE_MEMORY_H
| #  include <memory.h>
| # endif
| # include <string.h>
| #endif
| #ifdef HAVE_STRINGS_H
| # include <strings.h>
| #endif
| #ifdef HAVE_INTTYPES_H
| # include <inttypes.h>
| #endif
| #ifdef HAVE_STDINT_H
| # include <stdint.h>
| #endif
| #ifdef HAVE_UNISTD_H
| # include <unistd.h>
| #endif
| int
| main ()
| {
| if (sizeof ((ssize_t)))
| 	    return 0;
|   ;
|   return 0;
| }
configure:6692: result: yes
configure:6703: checking for uint32_t
configure:6703: g++ -c -g -O2  conftest.cpp >&5
configure:6703: $? = 0
configure:6703: result: yes
configure:6722: checking for floor
configure:6722: g++ -o conftest -g -O2   conftest.cpp -lpthread -lSDL2_ttf -lSDL2_gfx -lSDL2 -ltinyxml2  >&5
conftest.cpp:52:6: warning: declaration of 'char floor()' conflicts with built-in declaration 'double floor(double)' [-Wbuiltin-declaration-mismatch]
   52 | char floor ();
      |      ^~~~~
configure:6722: $? = 0
configure:6722: result: yes
configure:6722: checking for pow
configure:6722: g++ -o conftest -g -O2   conftest.cpp -lpthread -lSDL2_ttf -lSDL2_gfx -lSDL2 -ltinyxml2  >&5
conftest.cpp:53:6: warning: declaration of 'char pow()' conflicts with built-in declaration 'double pow(double, double)' [-Wbuiltin-declaration-mismatch]
   53 | char pow ();
      |      ^~~
configure:6722: $? = 0
configure:6722: result: yes
configure:6722: checking for sqrt
configure:6722: g++ -o conftest -g -O2   conftest.cpp -lpthread -lSDL2_ttf -lSDL2_gfx -lSDL2 -ltinyxml2  >&5
conftest.cpp:54:6: warning: declaration of 'char sqrt()' conflicts with built-in declaration 'double sqrt(double)' [-Wbuiltin-declaration-mismatch]
   54 | char sqrt ();
      |      ^~~~
configure:6722: $? = 0
configure:6722: result: yes
configure:6835: checking that generated files are newer than configure
configure:6841: result: done
configure:6872: creating ./config.status

## ---------------------- ##
## Running config.status. ##
## ---------------------- ##

This file was extended by bitsimulator config.status 0.9.4+, which was
generated by GNU Autoconf 2.69.  Invocation command line was

  CONFIG_FILES    = 
  CONFIG_HEADERS  = 
  CONFIG_LINKS    = 
  CONFIG_COMMANDS = 
  $ ./config.status 

on E6500-snouri

config.status:884: creating Makefile
config.status:884: creating src/config.h
config.status:1065: src/config.h is unchanged
config.status:1113: executing depfiles commands
config.status:1190: cd .       && sed -e '/# am--include-marker/d' Makefile         | make -f - am--depfiles
make: Nothing to be done for 'am--depfiles'.
config.status:1195: $? = 0

## ---------------- ##
## Cache variables. ##
## ---------------- ##

ac_cv_build=x86_64-pc-linux-gnu
ac_cv_c_compiler_gnu=yes
ac_cv_c_uint32_t=yes
ac_cv_cxx_compiler_gnu=yes
ac_cv_env_CCC_set=
ac_cv_env_CCC_value=
ac_cv_env_CC_set=
ac_cv_env_CC_value=
ac_cv_env_CFLAGS_set=
ac_cv_env_CFLAGS_value=
ac_cv_env_CPPFLAGS_set=
ac_cv_env_CPPFLAGS_value=
ac_cv_env_CPP_set=
ac_cv_env_CPP_value=
ac_cv_env_CXXCPP_set=
ac_cv_env_CXXCPP_value=
ac_cv_env_CXXFLAGS_set=
ac_cv_env_CXXFLAGS_value=
ac_cv_env_CXX_set=
ac_cv_env_CXX_value=
ac_cv_env_GL_CFLAGS_set=
ac_cv_env_GL_CFLAGS_value=
ac_cv_env_GL_LIBS_set=
ac_cv_env_GL_LIBS_value=
ac_cv_env_LDFLAGS_set=
ac_cv_env_LDFLAGS_value=
ac_cv_env_LIBS_set=
ac_cv_env_LIBS_value=
ac_cv_env_PKG_CONFIG_LIBDIR_set=
ac_cv_env_PKG_CONFIG_LIBDIR_value=
ac_cv_env_PKG_CONFIG_PATH_set=
ac_cv_env_PKG_CONFIG_PATH_value=
ac_cv_env_PKG_CONFIG_set=
ac_cv_env_PKG_CONFIG_value=
ac_cv_env_build_alias_set=
ac_cv_env_build_alias_value=
ac_cv_env_freetype2_CFLAGS_set=
ac_cv_env_freetype2_CFLAGS_value=
ac_cv_env_freetype2_LIBS_set=
ac_cv_env_freetype2_LIBS_value=
ac_cv_env_host_alias_set=
ac_cv_env_host_alias_value=
ac_cv_env_target_alias_set=
ac_cv_env_target_alias_value=
ac_cv_func_floor=yes
ac_cv_func_pow=yes
ac_cv_func_sqrt=yes
ac_cv_header_GL_gl_h=yes
ac_cv_header_inttypes_h=yes
ac_cv_header_memory_h=yes
ac_cv_header_stdc=yes
ac_cv_header_stdint_h=yes
ac_cv_header_stdlib_h=yes
ac_cv_header_string_h=yes
ac_cv_header_strings_h=yes
ac_cv_header_sys_stat_h=yes
ac_cv_header_sys_types_h=yes
ac_cv_header_tclap_CmdLine_h=yes
ac_cv_header_unistd_h=yes
ac_cv_host=x86_64-pc-linux-gnu
ac_cv_lib_SDL2_SDL_Init=yes
ac_cv_lib_SDL2_gfx_aapolygonColor=yes
ac_cv_lib_SDL2_ttf_TTF_Init=yes
ac_cv_lib_pthread_pthread_create=yes
ac_cv_lib_tinyxml2_main=yes
ac_cv_objext=o
ac_cv_path_EGREP='/usr/bin/grep -E'
ac_cv_path_GREP=/usr/bin/grep
ac_cv_path_ac_pt_PKG_CONFIG=/usr/bin/pkg-config
ac_cv_path_install='/usr/bin/install -c'
ac_cv_path_mkdir=/usr/bin/mkdir
ac_cv_prog_AWK=gawk
ac_cv_prog_CPP='gcc -E'
ac_cv_prog_CXXCPP='g++ -E'
ac_cv_prog_PKG_CONFIG=yes
ac_cv_prog_ac_ct_CC=gcc
ac_cv_prog_ac_ct_CXX=g++
ac_cv_prog_cc_c89=
ac_cv_prog_cc_g=yes
ac_cv_prog_cxx_g=yes
ac_cv_prog_make_make_set=yes
ac_cv_sizeof_long=8
ac_cv_type_size_t=yes
ac_cv_type_ssize_t=yes
am_cv_CC_dependencies_compiler_type=gcc3
am_cv_CXX_dependencies_compiler_type=gcc3
am_cv_make_support_nested_variables=yes
am_cv_prog_cc_c_o=yes
ax_cv_check_gl_compile_opengl=yes
ax_cv_check_gl_link_opengl=yes
pkg_cv_GL_CFLAGS=
pkg_cv_GL_LIBS=-lGL
pkg_cv_freetype2_CFLAGS='-I/usr/include/freetype2 -I/usr/include/libpng16'
pkg_cv_freetype2_LIBS=-lfreetype

## ----------------- ##
## Output variables. ##
## ----------------- ##

ACLOCAL='${SHELL} /home/snouri/Downloads/mynetworkproject/mynetworkproject/templatetags/bitsimulator-0.9.4+/missing aclocal-1.16'
AMDEPBACKSLASH='\'
AMDEP_FALSE='#'
AMDEP_TRUE=''
AMTAR='$${TAR-tar}'
AM_BACKSLASH='\'
AM_DEFAULT_V='$(AM_DEFAULT_VERBOSITY)'
AM_DEFAULT_VERBOSITY='1'
AM_V='$(V)'
AUTOCONF='${SHELL} /home/snouri/Downloads/mynetworkproject/mynetworkproject/templatetags/bitsimulator-0.9.4+/missing autoconf'
AUTOHEADER='${SHELL} /home/snouri/Downloads/mynetworkproject/mynetworkproject/templatetags/bitsimulator-0.9.4+/missing autoheader'
AUTOMAKE='${SHELL} /home/snouri/Downloads/mynetworkproject/mynetworkproject/templatetags/bitsimulator-0.9.4+/missing automake-1.16'
AWK='gawk'
CC='gcc'
CCDEPMODE='depmode=gcc3'
CFLAGS='-g -O2'
CPP='gcc -E'
CPPFLAGS=''
CXX='g++'
CXXCPP='g++ -E'
CXXDEPMODE='depmode=gcc3'
CXXFLAGS='-g -O2'
CYGPATH_W='echo'
DEFS='-DHAVE_CONFIG_H'
DEPDIR='.deps'
ECHO_C=''
ECHO_N='-n'
ECHO_T=''
EGREP='/usr/bin/grep -E'
EXEEXT=''
GL_CFLAGS=''
GL_LIBS='-lGL'
GREP='/usr/bin/grep'
INSTALL_DATA='${INSTALL} -m 644'
INSTALL_PROGRAM='${INSTALL}'
INSTALL_SCRIPT='${INSTALL}'
INSTALL_STRIP_PROGRAM='$(install_sh) -c -s'
LDFLAGS=''
LIBOBJS=''
LIBS='-lpthread -lSDL2_ttf -lSDL2_gfx -lSDL2 -ltinyxml2 '
LTLIBOBJS=''
MAKEINFO='${SHELL} /home/snouri/Downloads/mynetworkproject/mynetworkproject/templatetags/bitsimulator-0.9.4+/missing makeinfo'
MKDIR_P='/usr/bin/mkdir -p'
OBJEXT='o'
PACKAGE='bitsimulator'
PACKAGE_BUGREPORT='dominique.dhoutaut@univ-fcomte.fr'
PACKAGE_NAME='bitsimulator'
PACKAGE_STRING='bitsimulator 0.9.4+'
PACKAGE_TARNAME='bitsimulator'
PACKAGE_URL=''
PACKAGE_VERSION='0.9.4+'
PATH_SEPARATOR=':'
PKG_CONFIG='/usr/bin/pkg-config'
PKG_CONFIG_LIBDIR=''
PKG_CONFIG_PATH=''
SET_MAKE=''
SHELL='/bin/bash'
STRIP=''
USE_GCC_FALSE='#'
USE_GCC_TRUE=''
VERSION='0.9.4+'
ac_ct_CC='gcc'
ac_ct_CXX='g++'
am__EXEEXT_FALSE=''
am__EXEEXT_TRUE='#'
am__fastdepCC_FALSE='#'
am__fastdepCC_TRUE=''
am__fastdepCXX_FALSE='#'
am__fastdepCXX_TRUE=''
am__include='include'
am__isrc=''
am__leading_dot='.'
am__nodep='_no'
am__quote=''
am__tar='$${TAR-tar} chof - "$$tardir"'
am__untar='$${TAR-tar} xf -'
bindir='${exec_prefix}/bin'
build='x86_64-pc-linux-gnu'
build_alias=''
build_cpu='x86_64'
build_os='linux-gnu'
build_vendor='pc'
datadir='${datarootdir}'
datarootdir='${prefix}/share'
docdir='${datarootdir}/doc/${PACKAGE_TARNAME}'
dvidir='${docdir}'
exec_prefix='${prefix}'
freetype2_CFLAGS='-I/usr/include/freetype2 -I/usr/include/libpng16'
freetype2_LIBS='-lfreetype'
host='x86_64-pc-linux-gnu'
host_alias=''
host_cpu='x86_64'
host_os='linux-gnu'
host_vendor='pc'
htmldir='${docdir}'
includedir='${prefix}/include'
infodir='${datarootdir}/info'
install_sh='${SHELL} /home/snouri/Downloads/mynetworkproject/mynetworkproject/templatetags/bitsimulator-0.9.4+/install-sh'
libdir='${exec_prefix}/lib'
libexecdir='${exec_prefix}/libexec'
localedir='${datarootdir}/locale'
localstatedir='${prefix}/var'
mandir='${datarootdir}/man'
mkdir_p='$(MKDIR_P)'
oldincludedir='/usr/include'
pdfdir='${docdir}'
prefix='/usr/local'
program_transform_name='s,x,x,'
psdir='${docdir}'
runstatedir='${localstatedir}/run'
sbindir='${exec_prefix}/sbin'
sharedstatedir='${prefix}/com'
sysconfdir='${prefix}/etc'
target_alias=''

## ----------- ##
## confdefs.h. ##
## ----------- ##

/* confdefs.h */
#define PACKAGE_NAME "bitsimulator"
#define PACKAGE_TARNAME "bitsimulator"
#define PACKAGE_VERSION "0.9.4+"
#define PACKAGE_STRING "bitsimulator 0.9.4+"
#define PACKAGE_BUGREPORT "dominique.dhoutaut@univ-fcomte.fr"
#define PACKAGE_URL ""
#define PACKAGE "bitsimulator"
#define VERSION "0.9.4+"
#define STDC_HEADERS 1
#define HAVE_SYS_TYPES_H 1
#define HAVE_SYS_STAT_H 1
#define HAVE_STDLIB_H 1
#define HAVE_STRING_H 1
#define HAVE_MEMORY_H 1
#define HAVE_STRINGS_H 1
#define HAVE_INTTYPES_H 1
#define HAVE_STDINT_H 1
#define HAVE_UNISTD_H 1
#define SIZEOF_LONG 8
#define HAVE_LIBTINYXML2 1
#define HAVE_LIBSDL2 1
#define HAVE_LIBSDL2_GFX 1
#define HAVE_LIBSDL2_TTF 1
#define HAVE_LIBPTHREAD 1
#define HAVE_GL_GL_H 1
#define HAVE_GL 1
#define HAVE_FLOOR 1
#define HAVE_POW 1
#define HAVE_SQRT 1

configure: exit 0
